[10-Apr-2018 20:33:17 UTC] PHP Notice:  Undefined index: rows in /home/ubuntu/workspace/cst336/midterm/program1.php on line 67
[07-May-2018 15:46:55 UTC] PHP Fatal error:  Uncaught Error: Call to a member function fetch() on boolean in /home/ubuntu/workspace/cst336/practice/practice_program2.php:19
Stack trace:
#0 {main}
  thrown in /home/ubuntu/workspace/cst336/practice/practice_program2.php on line 19
[11-May-2018 23:11:37 UTC] PHP Notice:  Undefined variable: row in /home/ubuntu/workspace/cst336/final/scheduler.php on line 17
[11-May-2018 23:11:37 UTC] PHP Notice:  Undefined variable: row in /home/ubuntu/workspace/cst336/final/scheduler.php on line 18
[11-May-2018 23:11:37 UTC] PHP Notice:  Undefined variable: row in /home/ubuntu/workspace/cst336/final/scheduler.php on line 19
[11-May-2018 23:11:37 UTC] PHP Notice:  Undefined variable: row in /home/ubuntu/workspace/cst336/final/scheduler.php on line 17
[11-May-2018 23:11:37 UTC] PHP Notice:  Undefined variable: row in /home/ubuntu/workspace/cst336/final/scheduler.php on line 18
[11-May-2018 23:11:37 UTC] PHP Notice:  Undefined variable: row in /home/ubuntu/workspace/cst336/final/scheduler.php on line 19
[11-May-2018 23:11:37 UTC] PHP Notice:  Undefined variable: row in /home/ubuntu/workspace/cst336/final/scheduler.php on line 17
[11-May-2018 23:11:37 UTC] PHP Notice:  Undefined variable: row in /home/ubuntu/workspace/cst336/final/scheduler.php on line 18
[11-May-2018 23:11:37 UTC] PHP Notice:  Undefined variable: row in /home/ubuntu/workspace/cst336/final/scheduler.php on line 19
[11-May-2018 23:11:39 UTC] PHP Notice:  Undefined variable: row in /home/ubuntu/workspace/cst336/final/scheduler.php on line 17
[11-May-2018 23:11:39 UTC] PHP Notice:  Undefined variable: row in /home/ubuntu/workspace/cst336/final/scheduler.php on line 18
[11-May-2018 23:11:39 UTC] PHP Notice:  Undefined variable: row in /home/ubuntu/workspace/cst336/final/scheduler.php on line 19
[11-May-2018 23:11:39 UTC] PHP Notice:  Undefined variable: row in /home/ubuntu/workspace/cst336/final/scheduler.php on line 17
[11-May-2018 23:11:39 UTC] PHP Notice:  Undefined variable: row in /home/ubuntu/workspace/cst336/final/scheduler.php on line 18
[11-May-2018 23:11:39 UTC] PHP Notice:  Undefined variable: row in /home/ubuntu/workspace/cst336/final/scheduler.php on line 19
[11-May-2018 23:11:39 UTC] PHP Notice:  Undefined variable: row in /home/ubuntu/workspace/cst336/final/scheduler.php on line 17
[11-May-2018 23:11:39 UTC] PHP Notice:  Undefined variable: row in /home/ubuntu/workspace/cst336/final/scheduler.php on line 18
[11-May-2018 23:11:39 UTC] PHP Notice:  Undefined variable: row in /home/ubuntu/workspace/cst336/final/scheduler.php on line 19
[11-May-2018 23:14:31 UTC] PHP Notice:  Undefined variable: sql in /home/ubuntu/workspace/cst336/final/scheduler.php on line 36
[11-May-2018 23:15:43 UTC] PHP Notice:  Undefined variable: reponse in /home/ubuntu/workspace/cst336/final/scheduler.php on line 9
[11-May-2018 23:15:43 UTC] PHP Fatal error:  Uncaught Error: Call to a member function closeCursor() on null in /home/ubuntu/workspace/cst336/final/scheduler.php:9
Stack trace:
#0 {main}
  thrown in /home/ubuntu/workspace/cst336/final/scheduler.php on line 9
[11-May-2018 23:15:50 UTC] PHP Notice:  Undefined variable: reponse in /home/ubuntu/workspace/cst336/final/scheduler.php on line 9
[11-May-2018 23:15:50 UTC] PHP Fatal error:  Uncaught Error: Call to a member function closeCursor() on null in /home/ubuntu/workspace/cst336/final/scheduler.php:9
Stack trace:
#0 {main}
  thrown in /home/ubuntu/workspace/cst336/final/scheduler.php on line 9
[11-May-2018 23:17:43 UTC] PHP Notice:  Undefined variable: bdd in /home/ubuntu/workspace/cst336/final/scheduler.php on line 32
[11-May-2018 23:17:43 UTC] PHP Fatal error:  Uncaught Error: Call to a member function query() on null in /home/ubuntu/workspace/cst336/final/scheduler.php:32
Stack trace:
#0 /home/ubuntu/workspace/cst336/final/scheduler.php(22): showData()
#1 {main}
  thrown in /home/ubuntu/workspace/cst336/final/scheduler.php on line 32
[11-May-2018 23:19:28 UTC] PHP Notice:  Undefined variable: bdd in /home/ubuntu/workspace/cst336/final/scheduler.php on line 33
[11-May-2018 23:19:28 UTC] PHP Fatal error:  Uncaught Error: Call to a member function prepare() on null in /home/ubuntu/workspace/cst336/final/scheduler.php:33
Stack trace:
#0 /home/ubuntu/workspace/cst336/final/scheduler.php(22): showData('SELECT * FROM a...')
#1 {main}
  thrown in /home/ubuntu/workspace/cst336/final/scheduler.php on line 33
[11-May-2018 23:49:53 UTC] PHP Parse error:  syntax error, unexpected '<', expecting end of file in /home/ubuntu/workspace/cst336/final/scheduler.php on line 10
[12-May-2018 00:49:07 UTC] PHP Parse error:  syntax error, unexpected end of file in /home/ubuntu/workspace/cst336/final/scheduler.php on line 147
[12-May-2018 00:55:06 UTC] PHP Fatal error:  Uncaught Error: Call to undefined function dbConnect() in /home/ubuntu/workspace/cst336/final/scheduler.php:97
Stack trace:
#0 {main}
  thrown in /home/ubuntu/workspace/cst336/final/scheduler.php on line 97
[12-May-2018 00:55:12 UTC] PHP Fatal error:  Uncaught Error: Call to undefined function dbConnect() in /home/ubuntu/workspace/cst336/final/scheduler.php:97
Stack trace:
#0 {main}
  thrown in /home/ubuntu/workspace/cst336/final/scheduler.php on line 97
[12-May-2018 00:56:16 UTC] PHP Fatal error:  Uncaught Error: Call to a member function prepare() on null in /home/ubuntu/workspace/cst336/final/scheduler.php:118
Stack trace:
#0 {main}
  thrown in /home/ubuntu/workspace/cst336/final/scheduler.php on line 118
[12-May-2018 00:56:42 UTC] PHP Fatal error:  Uncaught Error: Call to undefined function dbConnect() in /home/ubuntu/workspace/cst336/final/scheduler.php:98
Stack trace:
#0 {main}
  thrown in /home/ubuntu/workspace/cst336/final/scheduler.php on line 98
[12-May-2018 00:57:05 UTC] PHP Fatal error:  Uncaught Error: Call to undefined function dbConnect() in /home/ubuntu/workspace/cst336/final/scheduler.php:98
Stack trace:
#0 {main}
  thrown in /home/ubuntu/workspace/cst336/final/scheduler.php on line 98
[12-May-2018 00:57:14 UTC] PHP Fatal error:  Uncaught Error: Call to undefined function dbConnect() in /home/ubuntu/workspace/cst336/final/scheduler.php:99
Stack trace:
#0 {main}
  thrown in /home/ubuntu/workspace/cst336/final/scheduler.php on line 99
[12-May-2018 00:57:25 UTC] PHP Fatal error:  Uncaught Error: Call to undefined function dbConnect() in /home/ubuntu/workspace/cst336/final/scheduler.php:97
Stack trace:
#0 {main}
  thrown in /home/ubuntu/workspace/cst336/final/scheduler.php on line 97
[12-May-2018 00:58:20 UTC] PHP Fatal error:  Uncaught Error: Call to undefined function dbConnect() in /home/ubuntu/workspace/cst336/final/scheduler.php:97
Stack trace:
#0 {main}
  thrown in /home/ubuntu/workspace/cst336/final/scheduler.php on line 97
[12-May-2018 00:59:12 UTC] PHP Fatal error:  Uncaught Error: Call to undefined function dbConnect() in /home/ubuntu/workspace/cst336/final/scheduler.php:24
Stack trace:
#0 {main}
  thrown in /home/ubuntu/workspace/cst336/final/scheduler.php on line 24
[12-May-2018 00:59:16 UTC] PHP Fatal error:  Uncaught Error: Call to undefined function dbConnect() in /home/ubuntu/workspace/cst336/final/scheduler.php:24
Stack trace:
#0 {main}
  thrown in /home/ubuntu/workspace/cst336/final/scheduler.php on line 24
[12-May-2018 01:06:52 UTC] PHP Notice:  Array to string conversion in /home/ubuntu/workspace/cst336/final/scheduler.php on line 25
[12-May-2018 01:14:10 UTC] PHP Notice:  Undefined index: user_id in /home/ubuntu/workspace/cst336/final/delete.php on line 68
[12-May-2018 01:14:12 UTC] PHP Notice:  Undefined variable: userInfo in /home/ubuntu/workspace/cst336/final/delete.php on line 68
[12-May-2018 01:14:15 UTC] PHP Notice:  Undefined index: user_id in /home/ubuntu/workspace/cst336/final/delete.php on line 68
[12-May-2018 01:14:16 UTC] PHP Notice:  Undefined variable: userInfo in /home/ubuntu/workspace/cst336/final/delete.php on line 68
[12-May-2018 01:14:47 UTC] PHP Notice:  Undefined index: appointmentId in /home/ubuntu/workspace/cst336/final/delete.php on line 55
[12-May-2018 01:14:48 UTC] PHP Notice:  Undefined variable: userInfo in /home/ubuntu/workspace/cst336/final/delete.php on line 68
[12-May-2018 01:17:17 UTC] PHP Notice:  Undefined index: user_id in /home/ubuntu/workspace/cst336/final/delete.php on line 76
[12-May-2018 01:17:18 UTC] PHP Notice:  Undefined variable: userInfo in /home/ubuntu/workspace/cst336/final/delete.php on line 76
[12-May-2018 01:17:28 UTC] PHP Notice:  Undefined index: user_id in /home/ubuntu/workspace/cst336/final/delete.php on line 76
[12-May-2018 01:19:32 UTC] PHP Notice:  Undefined variable: userInfo in /home/ubuntu/workspace/cst336/final/delete.php on line 76
[12-May-2018 01:20:03 UTC] PHP Notice:  Array to string conversion in /home/ubuntu/workspace/cst336/final/scheduler.php on line 25
[12-May-2018 01:20:16 UTC] PHP Notice:  Array to string conversion in /home/ubuntu/workspace/cst336/final/scheduler.php on line 25
[12-May-2018 01:20:33 UTC] PHP Notice:  Array to string conversion in /home/ubuntu/workspace/cst336/final/scheduler.php on line 25
[12-May-2018 01:20:41 UTC] PHP Notice:  Undefined variable: userInfo in /home/ubuntu/workspace/cst336/final/delete.php on line 76
[12-May-2018 01:20:50 UTC] PHP Notice:  Undefined variable: userInfo in /home/ubuntu/workspace/cst336/final/delete.php on line 76
[12-May-2018 01:23:35 UTC] PHP Notice:  Undefined variable: userInfo in /home/ubuntu/workspace/cst336/final/delete.php on line 75
[12-May-2018 01:23:35 UTC] PHP Notice:  Undefined variable: userInfo in /home/ubuntu/workspace/cst336/final/delete.php on line 76
[12-May-2018 01:23:35 UTC] PHP Notice:  Undefined variable: userInfo in /home/ubuntu/workspace/cst336/final/delete.php on line 79
[12-May-2018 01:23:44 UTC] PHP Notice:  Undefined variable: userInfo in /home/ubuntu/workspace/cst336/final/delete.php on line 75
[12-May-2018 01:23:44 UTC] PHP Notice:  Undefined variable: userInfo in /home/ubuntu/workspace/cst336/final/delete.php on line 76
[12-May-2018 01:23:44 UTC] PHP Notice:  Undefined variable: userInfo in /home/ubuntu/workspace/cst336/final/delete.php on line 79
[12-May-2018 01:23:47 UTC] PHP Notice:  Undefined variable: userInfo in /home/ubuntu/workspace/cst336/final/delete.php on line 75
[12-May-2018 01:23:47 UTC] PHP Notice:  Undefined variable: userInfo in /home/ubuntu/workspace/cst336/final/delete.php on line 76
[12-May-2018 01:23:47 UTC] PHP Notice:  Undefined variable: userInfo in /home/ubuntu/workspace/cst336/final/delete.php on line 79
[12-May-2018 01:28:15 UTC] PHP Notice:  Undefined variable: userInfo in /home/ubuntu/workspace/cst336/final/delete.php on line 75
[12-May-2018 01:28:15 UTC] PHP Notice:  Undefined variable: userInfo in /home/ubuntu/workspace/cst336/final/delete.php on line 76
[12-May-2018 01:28:15 UTC] PHP Notice:  Undefined variable: userInfo in /home/ubuntu/workspace/cst336/final/delete.php on line 79
[12-May-2018 01:28:34 UTC] PHP Notice:  Undefined variable: bdd in /home/ubuntu/workspace/cst336/final/delete.php on line 76
[12-May-2018 01:28:34 UTC] PHP Fatal error:  Uncaught Error: Call to a member function prepare() on null in /home/ubuntu/workspace/cst336/final/delete.php:76
Stack trace:
#0 {main}
  thrown in /home/ubuntu/workspace/cst336/final/delete.php on line 76
[12-May-2018 01:28:36 UTC] PHP Notice:  Undefined variable: bdd in /home/ubuntu/workspace/cst336/final/delete.php on line 76
[12-May-2018 01:28:36 UTC] PHP Fatal error:  Uncaught Error: Call to a member function prepare() on null in /home/ubuntu/workspace/cst336/final/delete.php:76
Stack trace:
#0 {main}
  thrown in /home/ubuntu/workspace/cst336/final/delete.php on line 76
[12-May-2018 01:28:42 UTC] PHP Notice:  Undefined variable: bdd in /home/ubuntu/workspace/cst336/final/delete.php on line 76
[12-May-2018 01:28:42 UTC] PHP Fatal error:  Uncaught Error: Call to a member function prepare() on null in /home/ubuntu/workspace/cst336/final/delete.php:76
Stack trace:
#0 {main}
  thrown in /home/ubuntu/workspace/cst336/final/delete.php on line 76
[12-May-2018 01:28:45 UTC] PHP Notice:  Undefined variable: bdd in /home/ubuntu/workspace/cst336/final/delete.php on line 76
[12-May-2018 01:28:45 UTC] PHP Fatal error:  Uncaught Error: Call to a member function prepare() on null in /home/ubuntu/workspace/cst336/final/delete.php:76
Stack trace:
#0 {main}
  thrown in /home/ubuntu/workspace/cst336/final/delete.php on line 76
[12-May-2018 01:30:53 UTC] PHP Notice:  Undefined index: id in /home/ubuntu/workspace/cst336/final/delete.php on line 98
[12-May-2018 01:30:53 UTC] PHP Notice:  Undefined index: id in /home/ubuntu/workspace/cst336/final/delete.php on line 99
[12-May-2018 01:30:56 UTC] PHP Notice:  Undefined index: id in /home/ubuntu/workspace/cst336/final/delete.php on line 98
[12-May-2018 01:30:56 UTC] PHP Notice:  Undefined index: id in /home/ubuntu/workspace/cst336/final/delete.php on line 99
[12-May-2018 01:33:03 UTC] PHP Notice:  Undefined variable: appinfo in /home/ubuntu/workspace/cst336/final/delete.php on line 81
[12-May-2018 01:33:06 UTC] PHP Notice:  Undefined variable: appinfo in /home/ubuntu/workspace/cst336/final/delete.php on line 81
[12-May-2018 01:47:00 UTC] PHP Notice:  session_start(): ps_files_cleanup_dir: opendir(/var/lib/php/sessions) failed: Permission denied (13) in /home/ubuntu/workspace/cst336/final/index.php on line 2
[12-May-2018 01:49:39 UTC] PHP Notice:  Array to string conversion in /home/ubuntu/workspace/cst336/final/scheduler.php on line 25
[12-May-2018 02:00:00 UTC] PHP Notice:  Undefined variable: conn in /home/ubuntu/workspace/cst336/final/scheduler.php on line 136
[12-May-2018 02:00:00 UTC] PHP Fatal error:  Uncaught Error: Call to a member function prepare() on null in /home/ubuntu/workspace/cst336/final/scheduler.php:138
Stack trace:
#0 /home/ubuntu/workspace/cst336/final/scheduler.php(125): showData('SELECT * FROM a...')
#1 {main}
  thrown in /home/ubuntu/workspace/cst336/final/scheduler.php on line 138
[12-May-2018 02:00:59 UTC] PHP Notice:  Undefined variable: appinfo in /home/ubuntu/workspace/cst336/final/delete.php on line 81
[12-May-2018 02:01:07 UTC] PHP Notice:  Undefined variable: appinfo in /home/ubuntu/workspace/cst336/final/delete.php on line 81
